#
# There is insufficient memory for the Java Runtime Environment to continue.
# Native memory allocation (malloc) failed to allocate 1048576 bytes. Error detail: AllocateHeap
# Possible reasons:
#   The system is out of physical RAM or swap space
#   This process is running with CompressedOops enabled, and the Java Heap may be blocking the growth of the native heap
# Possible solutions:
#   Reduce memory load on the system
#   Increase physical memory or swap space
#   Check if swap backing store is full
#   Decrease Java heap size (-Xmx/-Xms)
#   Decrease number of Java threads
#   Decrease Java thread stack sizes (-Xss)
#   Set larger code cache with -XX:ReservedCodeCacheSize=
#   JVM is running with Unscaled Compressed Oops mode in which the Java heap is
#     placed in the first 4GB address space. The Java Heap base address is the
#     maximum limit for the native heap growth. Please use -XX:HeapBaseMinAddress
#     to set the Java Heap base and to place the Java Heap above 4GB virtual address.
# This output file may be truncated or incomplete.
#
#  Out of Memory Error (allocation.cpp:44), pid=26272, tid=9940
#
# JRE version: OpenJDK Runtime Environment Temurin-21.0.9+10 (21.0.9+10) (build 21.0.9+10-LTS)
# Java VM: OpenJDK 64-Bit Server VM Temurin-21.0.9+10 (21.0.9+10-LTS, mixed mode, sharing, tiered, compressed oops, compressed class ptrs, parallel gc, windows-amd64)
# No core dump will be written. Minidumps are not enabled by default on client versions of Windows
#

---------------  S U M M A R Y ------------

Command Line: --add-modules=ALL-SYSTEM --add-opens=java.base/java.util=ALL-UNNAMED --add-opens=java.base/java.lang=ALL-UNNAMED --add-opens=java.base/sun.nio.fs=ALL-UNNAMED -Declipse.application=org.eclipse.jdt.ls.core.id1 -Dosgi.bundles.defaultStartLevel=4 -Declipse.product=org.eclipse.jdt.ls.core.product -Djava.import.generatesMetadataFilesAtProjectRoot=false -DDetectVMInstallationsJob.disabled=true -Dfile.encoding=utf8 -XX:+UseParallelGC -XX:GCTimeRatio=4 -XX:AdaptiveSizePolicyWeight=90 -Dsun.zip.disableMemoryMapping=true -Xmx2G -Xms100m -Xlog:disable -javaagent:c:\Users\gamep\.vscode\extensions\redhat.java-1.50.0-win32-x64\lombok\lombok-1.18.39-4050.jar -XX:+HeapDumpOnOutOfMemoryError -XX:HeapDumpPath=c:\Users\gamep\AppData\Roaming\Code\User\workspaceStorage\187ae34c5d95b0b3246b7d99eabff1b5\redhat.java -Daether.dependencyCollector.impl=bf c:\Users\gamep\.vscode\extensions\redhat.java-1.50.0-win32-x64\server\plugins\org.eclipse.equinox.launcher_1.7.100.v20251111-0406.jar -configuration c:\Users\gamep\AppData\Roaming\Code\User\globalStorage\redhat.java\1.50.0\config_win -data c:\Users\gamep\AppData\Roaming\Code\User\workspaceStorage\187ae34c5d95b0b3246b7d99eabff1b5\redhat.java\jdt_ws --pipe=\\.\pipe\lsp-fe53b7678ef88eb560db5fa29f558b18-sock

Host: 12th Gen Intel(R) Core(TM) i5-12500H, 16 cores, 15G,  Windows 11 , 64 bit Build 26100 (10.0.26100.7019)
Time: Thu Dec 11 09:29:31 2025 Paris, Madrid elapsed time: 1901.822217 seconds (0d 0h 31m 41s)

---------------  T H R E A D  ---------------

Current thread (0x000001fa677bee50):  JavaThread "Attach Listener" daemon [_thread_in_vm, id=9940, stack(0x00000057f1600000,0x00000057f1700000) (1024K)]

Stack: [0x00000057f1600000,0x00000057f1700000]
Native frames: (J=compiled Java code, j=interpreted, Vv=VM code, C=native code)
V  [jvm.dll+0x6d6e29]
V  [jvm.dll+0x8b4b76]
V  [jvm.dll+0x8b712e]
V  [jvm.dll+0x8b7813]
V  [jvm.dll+0x283d86]
V  [jvm.dll+0xc1277]
V  [jvm.dll+0x6d76d9]
V  [jvm.dll+0x133466]
V  [jvm.dll+0x3f7ea6]
V  [jvm.dll+0x85e9ad]
V  [jvm.dll+0x6d565d]
C  [ucrtbase.dll+0x37b0]
C  [KERNEL32.DLL+0x2e8d7]
C  [ntdll.dll+0x8c53c]


---------------  P R O C E S S  ---------------

Threads class SMR info:
_java_thread_list=0x000001fa72808970, length=84, elements={
0x000001fa0e6cc690, 0x000001fa661fddf0, 0x000001fa677b3f50, 0x000001fa677bdfa0,
0x000001fa677bee50, 0x000001fa677bfaa0, 0x000001fa677c0820, 0x000001fa677c38e0,
0x000001fa677fb210, 0x000001fa67a17370, 0x000001fa67b2c690, 0x000001fa6d770440,
0x000001fa6d974c20, 0x000001fa6d871ed0, 0x000001fa6d91a1a0, 0x000001fa6de029f0,
0x000001fa6df3d510, 0x000001fa67b20130, 0x000001fa67b1e060, 0x000001fa67b1f410,
0x000001fa6f9a7f10, 0x000001fa6f9a5e40, 0x000001fa6f9a4a90, 0x000001fa6f9a85a0,
0x000001fa6f9a5120, 0x000001fa6f9a6b60, 0x000001fa6f9a57b0, 0x000001fa6f9a71f0,
0x000001fa6f9a8c30, 0x000001fa6f9a9950, 0x000001fa6f9a92c0, 0x000001fa6f9a64d0,
0x000001fa6f9aad00, 0x000001fa6f9aa670, 0x000001fa6f9a9fe0, 0x000001fa6f9ab390,
0x000001fa6f9aba20, 0x000001fa6e771de0, 0x000001fa6e772470, 0x000001fa6e773190,
0x000001fa6e771750, 0x000001fa6e7710c0, 0x000001fa6e776ca0, 0x000001fa6e776610,
0x000001fa6e777330, 0x000001fa6e774bd0, 0x000001fa7e329c40, 0x000001fa7e32b680,
0x000001fa7e328f20, 0x000001fa7e328200, 0x000001fa7e32bd10, 0x000001fa7e32c3a0,
0x000001fa7e32ca30, 0x000001fa67b207c0, 0x000001fa6f9a7880, 0x000001fa6f9b78a0,
0x000001fa6f9b4ab0, 0x000001fa6d7b5ae0, 0x000001fa6d7b95f0, 0x000001fa6d7b6e90,
0x000001fa6d7ba310, 0x000001fa6d7b7520, 0x000001fa6d7b5450, 0x000001fa70990230,
0x000001fa709908c0, 0x000001fa7098e7f0, 0x000001fa7098ee80, 0x000001fa6f9b7210,
0x000001fa6f9b64f0, 0x000001fa6f9b4420, 0x000001fa6f9b7f30, 0x000001fa6f9b8c50,
0x000001fa7e328890, 0x000001fa7e3274e0, 0x000001fa7e3267c0, 0x000001fa7e326e50,
0x000001fa7e32d0c0, 0x000001fa7e32a960, 0x000001fa7e32aff0, 0x000001fa6d7b8f60,
0x000001fa6d7b9c80, 0x000001fa6d7bb030, 0x000001fa6d7b7bb0, 0x000001fa6d7bbd50
}

Java Threads: ( => current thread )
  0x000001fa0e6cc690 JavaThread "main"                              [_thread_blocked, id=18576, stack(0x00000057f0f00000,0x00000057f1000000) (1024K)]
  0x000001fa661fddf0 JavaThread "Reference Handler"          daemon [_thread_blocked, id=11080, stack(0x00000057f1300000,0x00000057f1400000) (1024K)]
  0x000001fa677b3f50 JavaThread "Finalizer"                  daemon [_thread_blocked, id=22780, stack(0x00000057f1400000,0x00000057f1500000) (1024K)]
  0x000001fa677bdfa0 JavaThread "Signal Dispatcher"          daemon [_thread_blocked, id=6900, stack(0x00000057f1500000,0x00000057f1600000) (1024K)]
=>0x000001fa677bee50 JavaThread "Attach Listener"            daemon [_thread_in_vm, id=9940, stack(0x00000057f1600000,0x00000057f1700000) (1024K)]
  0x000001fa677bfaa0 JavaThread "Service Thread"             daemon [_thread_blocked, id=32264, stack(0x00000057f1700000,0x00000057f1800000) (1024K)]
  0x000001fa677c0820 JavaThread "Monitor Deflation Thread"   daemon [_thread_blocked, id=27112, stack(0x00000057f1800000,0x00000057f1900000) (1024K)]
  0x000001fa677c38e0 JavaThread "C2 CompilerThread0"         daemon [_thread_blocked, id=24344, stack(0x00000057f1900000,0x00000057f1a00000) (1024K)]
  0x000001fa677fb210 JavaThread "C1 CompilerThread0"         daemon [_thread_blocked, id=25056, stack(0x00000057f1a00000,0x00000057f1b00000) (1024K)]
  0x000001fa67a17370 JavaThread "Common-Cleaner"             daemon [_thread_blocked, id=20728, stack(0x00000057f1d00000,0x00000057f1e00000) (1024K)]
  0x000001fa67b2c690 JavaThread "Notification Thread"        daemon [_thread_blocked, id=16060, stack(0x00000057f1c00000,0x00000057f1d00000) (1024K)]
  0x000001fa6d770440 JavaThread "Active Thread: Equinox Container: 4fc944ee-d84f-468c-857b-8da410385799"        [_thread_blocked, id=14044, stack(0x00000057f2900000,0x00000057f2a00000) (1024K)]
  0x000001fa6d974c20 JavaThread "Refresh Thread: Equinox Container: 4fc944ee-d84f-468c-857b-8da410385799" daemon [_thread_blocked, id=16428, stack(0x00000057f2100000,0x00000057f2200000) (1024K)]
  0x000001fa6d871ed0 JavaThread "Framework Event Dispatcher: Equinox Container: 4fc944ee-d84f-468c-857b-8da410385799" daemon [_thread_blocked, id=7444, stack(0x00000057f2a00000,0x00000057f2b00000) (1024K)]
  0x000001fa6d91a1a0 JavaThread "Start Level: Equinox Container: 4fc944ee-d84f-468c-857b-8da410385799" daemon [_thread_blocked, id=22120, stack(0x00000057f2b00000,0x00000057f2c00000) (1024K)]
  0x000001fa6de029f0 JavaThread "Bundle File Closer"         daemon [_thread_blocked, id=2776, stack(0x00000057f3000000,0x00000057f3100000) (1024K)]
  0x000001fa6df3d510 JavaThread "SCR Component Actor"        daemon [_thread_blocked, id=23824, stack(0x00000057f1b00000,0x00000057f1c00000) (1024K)]
  0x000001fa67b20130 JavaThread "Worker-JM"                         [_thread_blocked, id=32712, stack(0x00000057f1f00000,0x00000057f2000000) (1024K)]
  0x000001fa67b1e060 JavaThread "JNA Cleaner"                daemon [_thread_blocked, id=15728, stack(0x00000057f3100000,0x00000057f3200000) (1024K)]
  0x000001fa67b1f410 JavaThread "Java indexing"              daemon [_thread_blocked, id=18644, stack(0x00000057f3800000,0x00000057f3900000) (1024K)]
  0x000001fa6f9a7f10 JavaThread "Thread-1"                   daemon [_thread_in_native, id=32228, stack(0x00000057f3c00000,0x00000057f3d00000) (1024K)]
  0x000001fa6f9a5e40 JavaThread "Thread-2"                   daemon [_thread_in_native, id=9636, stack(0x00000057f3d00000,0x00000057f3e00000) (1024K)]
  0x000001fa6f9a4a90 JavaThread "Thread-3"                   daemon [_thread_in_native, id=29188, stack(0x00000057f3e00000,0x00000057f3f00000) (1024K)]
  0x000001fa6f9a85a0 JavaThread "Thread-4"                   daemon [_thread_in_native, id=16728, stack(0x00000057f3f00000,0x00000057f4000000) (1024K)]
  0x000001fa6f9a5120 JavaThread "Thread-5"                   daemon [_thread_in_native, id=7268, stack(0x00000057f4000000,0x00000057f4100000) (1024K)]
  0x000001fa6f9a6b60 JavaThread "Thread-6"                   daemon [_thread_in_native, id=14620, stack(0x00000057f4100000,0x00000057f4200000) (1024K)]
  0x000001fa6f9a57b0 JavaThread "Thread-7"                   daemon [_thread_in_native, id=10992, stack(0x00000057f4200000,0x00000057f4300000) (1024K)]
  0x000001fa6f9a71f0 JavaThread "Thread-8"                   daemon [_thread_in_native, id=33104, stack(0x00000057f4300000,0x00000057f4400000) (1024K)]
  0x000001fa6f9a8c30 JavaThread "Thread-9"                   daemon [_thread_in_native, id=22104, stack(0x00000057f4400000,0x00000057f4500000) (1024K)]
  0x000001fa6f9a9950 JavaThread "Thread-10"                  daemon [_thread_in_native, id=16068, stack(0x00000057f4500000,0x00000057f4600000) (1024K)]
  0x000001fa6f9a92c0 JavaThread "Thread-11"                  daemon [_thread_in_native, id=17508, stack(0x00000057f4600000,0x00000057f4700000) (1024K)]
  0x000001fa6f9a64d0 JavaThread "Thread-12"                  daemon [_thread_in_native, id=10476, stack(0x00000057f4700000,0x00000057f4800000) (1024K)]
  0x000001fa6f9aad00 JavaThread "Thread-13"                  daemon [_thread_in_native, id=1996, stack(0x00000057f4800000,0x00000057f4900000) (1024K)]
  0x000001fa6f9aa670 JavaThread "Thread-14"                  daemon [_thread_in_native, id=24760, stack(0x00000057f4a00000,0x00000057f4b00000) (1024K)]
  0x000001fa6f9a9fe0 JavaThread "Thread-15"                  daemon [_thread_in_native, id=31404, stack(0x00000057f4b00000,0x00000057f4c00000) (1024K)]
  0x000001fa6f9ab390 JavaThread "Thread-16"                  daemon [_thread_in_native, id=6656, stack(0x00000057f4c00000,0x00000057f4d00000) (1024K)]
  0x000001fa6f9aba20 JavaThread "Thread-17"                  daemon [_thread_in_native, id=15796, stack(0x00000057f4d00000,0x00000057f4e00000) (1024K)]
  0x000001fa6e771de0 JavaThread "pool-2-thread-1"                   [_thread_blocked, id=26764, stack(0x00000057f4e00000,0x00000057f4f00000) (1024K)]
  0x000001fa6e772470 JavaThread "WorkspaceEventsHandler"            [_thread_blocked, id=7048, stack(0x00000057f5300000,0x00000057f5400000) (1024K)]
  0x000001fa6e773190 JavaThread "pool-1-thread-1"                   [_thread_blocked, id=14160, stack(0x00000057f5400000,0x00000057f5500000) (1024K)]
  0x000001fa6e771750 JavaThread "ForkJoinPool.commonPool-worker-2" daemon [_thread_blocked, id=22252, stack(0x00000057f5600000,0x00000057f5700000) (1024K)]
  0x000001fa6e7710c0 JavaThread "ForkJoinPool.commonPool-worker-5" daemon [_thread_blocked, id=34268, stack(0x00000057f5a00000,0x00000057f5b00000) (1024K)]
  0x000001fa6e776ca0 JavaThread "ForkJoinPool.commonPool-worker-8" daemon [_thread_blocked, id=14068, stack(0x00000057f5c00000,0x00000057f5d00000) (1024K)]
  0x000001fa6e776610 JavaThread "ForkJoinPool.commonPool-worker-9" daemon [_thread_blocked, id=34580, stack(0x00000057f5d00000,0x00000057f5e00000) (1024K)]
  0x000001fa6e777330 JavaThread "ForkJoinPool.commonPool-worker-12" daemon [_thread_blocked, id=29568, stack(0x00000057f6000000,0x00000057f6100000) (1024K)]
  0x000001fa6e774bd0 JavaThread "ForkJoinPool.commonPool-worker-13" daemon [_thread_blocked, id=31716, stack(0x00000057f6100000,0x00000057f6200000) (1024K)]
  0x000001fa7e329c40 JavaThread "Cleaner-0"                  daemon [_thread_blocked, id=29400, stack(0x00000057f7000000,0x00000057f7100000) (1024K)]
  0x000001fa7e32b680 JavaThread "Java Debug Server"          daemon [_thread_in_native, id=14496, stack(0x00000057f3700000,0x00000057f3800000) (1024K)]
  0x000001fa7e328f20 JavaThread "pool-5-thread-1"                   [_thread_in_native, id=21632, stack(0x00000057f4f00000,0x00000057f5000000) (1024K)]
  0x000001fa7e328200 JavaThread "RxSchedulerPurge-1"         daemon [_thread_blocked, id=23928, stack(0x00000057f5100000,0x00000057f5200000) (1024K)]
  0x000001fa7e32bd10 JavaThread "RxCachedWorkerPoolEvictor-1" daemon [_thread_blocked, id=27904, stack(0x00000057f6600000,0x00000057f6700000) (1024K)]
  0x000001fa7e32c3a0 JavaThread "RxNewThreadScheduler-1"     daemon [_thread_blocked, id=31172, stack(0x00000057f6700000,0x00000057f6800000) (1024K)]
  0x000001fa7e32ca30 JavaThread "process reaper (pid 33816)" daemon [_thread_in_native, id=24480, stack(0x00000057f09d0000,0x00000057f09f0000) (128K)]
  0x000001fa67b207c0 JavaThread "ForkJoinPool.commonPool-worker-16" daemon [_thread_blocked, id=10348, stack(0x00000057f5700000,0x00000057f5800000) (1024K)]
  0x000001fa6f9a7880 JavaThread "ForkJoinPool.commonPool-worker-18" daemon [_thread_blocked, id=26428, stack(0x00000057f6300000,0x00000057f6400000) (1024K)]
  0x000001fa6f9b78a0 JavaThread "ForkJoinPool.commonPool-worker-21" daemon [_thread_blocked, id=5336, stack(0x00000057f0c00000,0x00000057f0d00000) (1024K)]
  0x000001fa6f9b4ab0 JavaThread "ForkJoinPool.commonPool-worker-23" daemon [_thread_blocked, id=31536, stack(0x00000057f3500000,0x00000057f3600000) (1024K)]
  0x000001fa6d7b5ae0 JavaThread "ForkJoinPool.commonPool-worker-25" daemon [_thread_blocked, id=23428, stack(0x00000057f0e00000,0x00000057f0f00000) (1024K)]
  0x000001fa6d7b95f0 JavaThread "ForkJoinPool.commonPool-worker-26" daemon [_thread_blocked, id=27232, stack(0x00000057f1e00000,0x00000057f1f00000) (1024K)]
  0x000001fa6d7b6e90 JavaThread "Worker-25"                         [_thread_blocked, id=4460, stack(0x00000057f3900000,0x00000057f3a00000) (1024K)]
  0x000001fa6d7ba310 JavaThread "Compiler Source File Reader" daemon [_thread_blocked, id=19072, stack(0x00000057f3300000,0x00000057f3400000) (1024K)]
  0x000001fa6d7b7520 JavaThread "ForkJoinPool.commonPool-worker-28" daemon [_thread_blocked, id=320, stack(0x00000057f0d00000,0x00000057f0e00000) (1024K)]
  0x000001fa6d7b5450 JavaThread "ForkJoinPool.commonPool-worker-27" daemon [_thread_blocked, id=9628, stack(0x00000057f3200000,0x00000057f3300000) (1024K)]
  0x000001fa70990230 JavaThread "Compiler Source File Reader" daemon [_thread_blocked, id=5620, stack(0x00000057f3600000,0x00000057f3700000) (1024K)]
  0x000001fa709908c0 JavaThread "Compiler Source File Reader" daemon [_thread_blocked, id=26696, stack(0x00000057f5b00000,0x00000057f5c00000) (1024K)]
  0x000001fa7098e7f0 JavaThread "Compiler Source File Reader" daemon [_thread_blocked, id=29192, stack(0x00000057f5f00000,0x00000057f6000000) (1024K)]
  0x000001fa7098ee80 JavaThread "Compiler Source File Reader" daemon [_thread_blocked, id=14728, stack(0x00000057f6200000,0x00000057f6300000) (1024K)]
  0x000001fa6f9b7210 JavaThread "Compiler Source File Reader" daemon [_thread_blocked, id=31180, stack(0x00000057f6500000,0x00000057f6600000) (1024K)]
  0x000001fa6f9b64f0 JavaThread "Compiler Source File Reader" daemon [_thread_blocked, id=17620, stack(0x00000057f6800000,0x00000057f6900000) (1024K)]
  0x000001fa6f9b4420 JavaThread "Compiler Source File Reader" daemon [_thread_blocked, id=26460, stack(0x00000057f6900000,0x00000057f6a00000) (1024K)]
  0x000001fa6f9b7f30 JavaThread "Worker-35"                         [_thread_blocked, id=8744, stack(0x00000057f6a00000,0x00000057f6b00000) (1024K)]
  0x000001fa6f9b8c50 JavaThread "Compiler Source File Reader" daemon [_thread_blocked, id=12380, stack(0x00000057f6b00000,0x00000057f6c00000) (1024K)]
  0x000001fa7e328890 JavaThread "Compiler Source File Reader" daemon [_thread_blocked, id=20208, stack(0x00000057f6c00000,0x00000057f6d00000) (1024K)]
  0x000001fa7e3274e0 JavaThread "Compiler Source File Reader" daemon [_thread_blocked, id=14000, stack(0x00000057f6d00000,0x00000057f6e00000) (1024K)]
  0x000001fa7e3267c0 JavaThread "ForkJoinPool.commonPool-worker-29" daemon [_thread_blocked, id=14828, stack(0x00000057f3400000,0x00000057f3500000) (1024K)]
  0x000001fa7e326e50 JavaThread "Worker-36"                         [_thread_blocked, id=22080, stack(0x00000057f3a00000,0x00000057f3b00000) (1024K)]
  0x000001fa7e32d0c0 JavaThread "Worker-37"                         [_thread_blocked, id=20148, stack(0x00000057f3b00000,0x00000057f3c00000) (1024K)]
  0x000001fa7e32a960 JavaThread "Worker-38"                         [_thread_blocked, id=24308, stack(0x00000057f4900000,0x00000057f4a00000) (1024K)]
  0x000001fa7e32aff0 JavaThread "Compiler Source File Reader" daemon [_thread_blocked, id=22092, stack(0x00000057f5000000,0x00000057f5100000) (1024K)]
  0x000001fa6d7b8f60 JavaThread "Compiler Processing Task"   daemon [_thread_blocked, id=20664, stack(0x00000057f5200000,0x00000057f5300000) (1024K)]
  0x000001fa6d7b9c80 JavaThread "Compiler Source File Reader" daemon [_thread_blocked, id=27332, stack(0x00000057f5500000,0x00000057f5600000) (1024K)]
  0x000001fa6d7bb030 JavaThread "pool-1-thread-5"                   [_thread_blocked, id=34172, stack(0x00000057f5900000,0x00000057f5a00000) (1024K)]
  0x000001fa6d7b7bb0 JavaThread "Compiler Source File Reader" daemon [_thread_blocked, id=14512, stack(0x00000057f5800000,0x00000057f5900000) (1024K)]
  0x000001fa6d7bbd50 JavaThread "Worker-39"                         [_thread_blocked, id=7420, stack(0x00000057f5e00000,0x00000057f5f00000) (1024K)]
Total: 84

Other Threads:
  0x000001fa661e4920 VMThread "VM Thread"                           [id=3980, stack(0x00000057f1200000,0x00000057f1300000) (1024K)]
  0x000001fa660dca00 WatcherThread "VM Periodic Task Thread"        [id=27424, stack(0x00000057f1100000,0x00000057f1200000) (1024K)]
  0x000001fa0e6eaa00 WorkerThread "GC Thread#0"                     [id=3340, stack(0x00000057f1000000,0x00000057f1100000) (1024K)]
  0x000001fa6d411900 WorkerThread "GC Thread#1"                     [id=1140, stack(0x00000057f2200000,0x00000057f2300000) (1024K)]
  0x000001fa6d7fdda0 WorkerThread "GC Thread#2"                     [id=17316, stack(0x00000057f2300000,0x00000057f2400000) (1024K)]
  0x000001fa6d7fe140 WorkerThread "GC Thread#3"                     [id=4196, stack(0x00000057f2400000,0x00000057f2500000) (1024K)]
  0x000001fa6d7fe4e0 WorkerThread "GC Thread#4"                     [id=33940, stack(0x00000057f2500000,0x00000057f2600000) (1024K)]
  0x000001fa6d7fe880 WorkerThread "GC Thread#5"                     [id=27544, stack(0x00000057f2600000,0x00000057f2700000) (1024K)]
  0x000001fa6d7fec20 WorkerThread "GC Thread#6"                     [id=2780, stack(0x00000057f2700000,0x00000057f2800000) (1024K)]
  0x000001fa6db05840 WorkerThread "GC Thread#7"                     [id=30208, stack(0x00000057f2800000,0x00000057f2900000) (1024K)]
  0x000001fa6deae010 WorkerThread "GC Thread#8"                     [id=10336, stack(0x00000057f2d00000,0x00000057f2e00000) (1024K)]
  0x000001fa6da4de70 WorkerThread "GC Thread#9"                     [id=12756, stack(0x00000057f2e00000,0x00000057f2f00000) (1024K)]
  0x000001fa6da4e210 WorkerThread "GC Thread#10"                    [id=16444, stack(0x00000057f2f00000,0x00000057f3000000) (1024K)]
  0x000001fa6da4e5b0 WorkerThread "GC Thread#11"                    [id=23228, stack(0x00000057f2000000,0x00000057f2100000) (1024K)]
  0x000001fa6da4cff0 WorkerThread "GC Thread#12"                    [id=23352, stack(0x00000057f2c00000,0x00000057f2d00000) (1024K)]
Total: 15

Threads with active compile tasks:
Total: 0

VM state: not at safepoint (normal execution)

VM Mutex/Monitor currently owned by a thread: None

Heap address: 0x0000000080000000, size: 2048 MB, Compressed Oops mode: 32-bit

CDS archive(s) mapped at: [0x000001fa25000000-0x000001fa25ba0000-0x000001fa25ba0000), size 12189696, SharedBaseAddress: 0x000001fa25000000, ArchiveRelocationMode: 1.
Compressed class space mapped at: 0x000001fa26000000-0x000001fa66000000, reserved size: 1073741824
Narrow klass base: 0x000001fa25000000, Narrow klass shift: 0, Narrow klass range: 0x100000000

GC Precious Log:
 CardTable entry size: 512
 CPUs: 16 total, 16 available
 Memory: 16005M
 Large Page Support: Disabled
 NUMA Support: Disabled
 Compressed Oops: Enabled (32-bit)
 Alignments: Space 512K, Generation 512K, Heap 2M
 Heap Min Capacity: 100M
 Heap Initial Capacity: 100M
 Heap Max Capacity: 2G
 Pre-touch: Disabled
 Parallel Workers: 13

Heap:
 PSYoungGen      total 22528K, used 14187K [0x00000000d5580000, 0x00000000d6e80000, 0x0000000100000000)
  eden space 18944K, 62% used [0x00000000d5580000,0x00000000d611f470,0x00000000d6800000)
  from space 3584K, 63% used [0x00000000d6a80000,0x00000000d6cbbb00,0x00000000d6e00000)
  to   space 2560K, 0% used [0x00000000d6800000,0x00000000d6800000,0x00000000d6a80000)
 ParOldGen       total 1227264K, used 1227097K [0x0000000080000000, 0x00000000cae80000, 0x00000000d5580000)
  object space 1227264K, 99% used [0x0000000080000000,0x00000000cae56460,0x00000000cae80000)
 Metaspace       used 98491K, committed 100352K, reserved 1179648K
  class space    used 10004K, committed 10880K, reserved 1048576K

Card table byte_map: [0x000001fa0e070000,0x000001fa0e480000] _byte_map_base: 0x000001fa0dc70000

Marking Bits: (ParMarkBitMap*) 0x00007ffb03e12460
 Begin Bits: [0x000001fa20b80000, 0x000001fa22b80000)
 End Bits:   [0x000001fa22b80000, 0x000001fa24b80000)

Polling page: 0x000001fa0c300000

Metaspace:

Usage:
  Non-class:     86.41 MB used.
      Class:      9.77 MB used.
       Both:     96.18 MB used.

Virtual space:
  Non-class space:      128.00 MB reserved,      87.38 MB ( 68%) committed,  2 nodes.
      Class space:        1.00 GB reserved,      10.62 MB (  1%) committed,  1 nodes.
             Both:        1.12 GB reserved,      98.00 MB (  9%) committed. 

Chunk freelists:
   Non-Class:  7.83 MB
       Class:  5.41 MB
        Both:  13.24 MB

MaxMetaspaceSize: unlimited
CompressedClassSpaceSize: 1.00 GB
Initial GC threshold: 21.00 MB
Current GC threshold: 162.50 MB
CDS: on
 - commit_granule_bytes: 65536.
 - commit_granule_words: 8192.
 - virtual_space_node_default_size: 8388608.
 - enlarge_chunks_in_place: 1.
 - use_allocation_guard: 0.


Internal statistics:

num_allocs_failed_limit: 9.
num_arena_births: 2086.
num_arena_deaths: 58.
num_vsnodes_births: 3.
num_vsnodes_deaths: 0.
num_space_committed: 1568.
num_space_uncommitted: 0.
num_chunks_returned_to_freelist: 88.
num_chunks_taken_from_freelist: 7267.
num_chunk_merges: 34.
num_chunk_splits: 4173.
num_chunks_enlarged: 2034.
num_inconsistent_stats: 0.

CodeHeap 'non-profiled nmethods': size=119168Kb used=25458Kb max_used=26938Kb free=93709Kb
 bounds [0x000001fa19470000, 0x000001fa1aee0000, 0x000001fa208d0000]
CodeHeap 'profiled nmethods': size=119104Kb used=32784Kb max_used=51954Kb free=86319Kb
 bounds [0x000001fa118d0000, 0x000001fa14b90000, 0x000001fa18d20000]
CodeHeap 'non-nmethods': size=7488Kb used=1544Kb max_used=3320Kb free=5943Kb
 bounds [0x000001fa18d20000, 0x000001fa19090000, 0x000001fa19470000]
CodeCache: size=245760Kb, used=59786Kb, max_used=82212Kb, free=185971Kb
 total_blobs=16563, nmethods=15696, adapters=769, full_count=0
Compilation: enabled, stopped_count=0, restarted_count=0

Compilation events (20 events):
Event: 1900.290 Thread 0x000001fa677fb210 30428       3       org.eclipse.jdt.internal.codeassist.select.SelectionParser::consumeTypeImportOnDemandDeclarationName (260 bytes)
Event: 1900.291 Thread 0x000001fa677fb210 nmethod 30428 0x000001fa135dda10 code [0x000001fa135ddc60, 0x000001fa135de6c0]
Event: 1900.305 Thread 0x000001fa677fb210 30429       3       org.eclipse.jdt.internal.core.util.BindingKeyParser::parse (347 bytes)
Event: 1900.306 Thread 0x000001fa677fb210 nmethod 30429 0x000001fa12312010 code [0x000001fa12312520, 0x000001fa12314678]
Event: 1900.334 Thread 0x000001fa677c38e0 30430       4       org.eclipse.jdt.internal.core.search.matching.PatternLocator::matchNameValue (283 bytes)
Event: 1900.336 Thread 0x000001fa677c38e0 nmethod 30430 0x000001fa1a353810 code [0x000001fa1a3539c0, 0x000001fa1a353ba8]
Event: 1900.336 Thread 0x000001fa677c38e0 30431   !   4       org.eclipse.jdt.internal.core.search.matching.JavaSearchNameEnvironment::getModule (49 bytes)
Event: 1900.358 Thread 0x000001fa677c38e0 nmethod 30431 0x000001fa1abbc390 code [0x000001fa1abbc640, 0x000001fa1abbd478]
Event: 1900.361 Thread 0x000001fa677fb210 30432       3       org.eclipse.jdt.internal.core.search.matching.OrLocator::resolveLevel (60 bytes)
Event: 1900.362 Thread 0x000001fa677fb210 nmethod 30432 0x000001fa14963290 code [0x000001fa14963460, 0x000001fa149637d0]
Event: 1900.362 Thread 0x000001fa677fb210 30433       3       org.eclipse.jdt.internal.core.search.matching.TypeReferenceLocator::resolveLevel (34 bytes)
Event: 1900.362 Thread 0x000001fa677fb210 nmethod 30433 0x000001fa12076f90 code [0x000001fa12077180, 0x000001fa120777a0]
Event: 1900.362 Thread 0x000001fa677fb210 30436       3       org.eclipse.jdt.internal.core.search.matching.MatchingNodeSet::addTrustedMatch (83 bytes)
Event: 1900.362 Thread 0x000001fa677fb210 nmethod 30436 0x000001fa1325f810 code [0x000001fa1325fa20, 0x000001fa13260030]
Event: 1900.362 Thread 0x000001fa677fb210 30434       3       org.eclipse.jdt.internal.core.search.matching.TypeDeclarationLocator::resolveLevel (21 bytes)
Event: 1900.362 Thread 0x000001fa677fb210 nmethod 30434 0x000001fa149c3610 code [0x000001fa149c37e0, 0x000001fa149c3b88]
Event: 1900.362 Thread 0x000001fa677fb210 30435       3       org.eclipse.jdt.internal.core.search.matching.TypeReferenceLocator::resolveLevel (55 bytes)
Event: 1900.363 Thread 0x000001fa677fb210 nmethod 30435 0x000001fa13931690 code [0x000001fa139318a0, 0x000001fa13931ff8]
Event: 1900.363 Thread 0x000001fa677fb210 30437       3       org.eclipse.jdt.internal.core.util.BindingKeyParser::<init> (30 bytes)
Event: 1900.363 Thread 0x000001fa677fb210 nmethod 30437 0x000001fa13122190 code [0x000001fa13122380, 0x000001fa13122830]

GC Heap History (20 events):
Event: 1899.170 GC heap before
{Heap before GC invocations=5263 (full 10):
 PSYoungGen      total 9728K, used 9716K [0x00000000d5580000, 0x00000000d6500000, 0x0000000100000000)
  eden space 8192K, 100% used [0x00000000d5580000,0x00000000d5d80000,0x00000000d5d80000)
  from space 1536K, 99% used [0x00000000d6080000,0x00000000d61fd200,0x00000000d6200000)
  to   space 3072K, 0% used [0x00000000d5d80000,0x00000000d5d80000,0x00000000d6080000)
 ParOldGen       total 1206272K, used 1206118K [0x0000000080000000, 0x00000000c9a00000, 0x00000000d5580000)
  object space 1206272K, 99% used [0x0000000080000000,0x00000000c99d9960,0x00000000c9a00000)
 Metaspace       used 98467K, committed 100352K, reserved 1179648K
  class space    used 10004K, committed 10880K, reserved 1048576K
}
Event: 1899.172 GC heap after
{Heap after GC invocations=5263 (full 10):
 PSYoungGen      total 11264K, used 864K [0x00000000d5580000, 0x00000000d6280000, 0x0000000100000000)
  eden space 8192K, 0% used [0x00000000d5580000,0x00000000d5580000,0x00000000d5d80000)
  from space 3072K, 28% used [0x00000000d5d80000,0x00000000d5e58000,0x00000000d6080000)
  to   space 1536K, 0% used [0x00000000d6100000,0x00000000d6100000,0x00000000d6280000)
 ParOldGen       total 1207808K, used 1207445K [0x0000000080000000, 0x00000000c9b80000, 0x00000000d5580000)
  object space 1207808K, 99% used [0x0000000080000000,0x00000000c9b256e0,0x00000000c9b80000)
 Metaspace       used 98467K, committed 100352K, reserved 1179648K
  class space    used 10004K, committed 10880K, reserved 1048576K
}
Event: 1899.177 GC heap before
{Heap before GC invocations=5264 (full 10):
 PSYoungGen      total 11264K, used 9056K [0x00000000d5580000, 0x00000000d6280000, 0x0000000100000000)
  eden space 8192K, 100% used [0x00000000d5580000,0x00000000d5d80000,0x00000000d5d80000)
  from space 3072K, 28% used [0x00000000d5d80000,0x00000000d5e58000,0x00000000d6080000)
  to   space 1536K, 0% used [0x00000000d6100000,0x00000000d6100000,0x00000000d6280000)
 ParOldGen       total 1207808K, used 1207445K [0x0000000080000000, 0x00000000c9b80000, 0x00000000d5580000)
  object space 1207808K, 99% used [0x0000000080000000,0x00000000c9b256e0,0x00000000c9b80000)
 Metaspace       used 98467K, committed 100352K, reserved 1179648K
  class space    used 10004K, committed 10880K, reserved 1048576K
}
Event: 1899.179 GC heap after
{Heap after GC invocations=5264 (full 10):
 PSYoungGen      total 11264K, used 912K [0x00000000d5580000, 0x00000000d6200000, 0x0000000100000000)
  eden space 10240K, 0% used [0x00000000d5580000,0x00000000d5580000,0x00000000d5f80000)
  from space 1024K, 89% used [0x00000000d6100000,0x00000000d61e4030,0x00000000d6200000)
  to   space 1024K, 0% used [0x00000000d6000000,0x00000000d6000000,0x00000000d6100000)
 ParOldGen       total 1208320K, used 1208065K [0x0000000080000000, 0x00000000c9c00000, 0x00000000d5580000)
  object space 1208320K, 99% used [0x0000000080000000,0x00000000c9bc0790,0x00000000c9c00000)
 Metaspace       used 98467K, committed 100352K, reserved 1179648K
  class space    used 10004K, committed 10880K, reserved 1048576K
}
Event: 1899.186 GC heap before
{Heap before GC invocations=5265 (full 10):
 PSYoungGen      total 11264K, used 11152K [0x00000000d5580000, 0x00000000d6200000, 0x0000000100000000)
  eden space 10240K, 100% used [0x00000000d5580000,0x00000000d5f80000,0x00000000d5f80000)
  from space 1024K, 89% used [0x00000000d6100000,0x00000000d61e4030,0x00000000d6200000)
  to   space 1024K, 0% used [0x00000000d6000000,0x00000000d6000000,0x00000000d6100000)
 ParOldGen       total 1208320K, used 1208065K [0x0000000080000000, 0x00000000c9c00000, 0x00000000d5580000)
  object space 1208320K, 99% used [0x0000000080000000,0x00000000c9bc0790,0x00000000c9c00000)
 Metaspace       used 98467K, committed 100352K, reserved 1179648K
  class space    used 10004K, committed 10880K, reserved 1048576K
}
Event: 1899.189 GC heap after
{Heap after GC invocations=5265 (full 10):
 PSYoungGen      total 11776K, used 1012K [0x00000000d5580000, 0x00000000d6680000, 0x0000000100000000)
  eden space 10752K, 0% used [0x00000000d5580000,0x00000000d5580000,0x00000000d6000000)
  from space 1024K, 98% used [0x00000000d6000000,0x00000000d60fd200,0x00000000d6100000)
  to   space 2560K, 0% used [0x00000000d6400000,0x00000000d6400000,0x00000000d6680000)
 ParOldGen       total 1209856K, used 1209354K [0x0000000080000000, 0x00000000c9d80000, 0x00000000d5580000)
  object space 1209856K, 99% used [0x0000000080000000,0x00000000c9d02840,0x00000000c9d80000)
 Metaspace       used 98467K, committed 100352K, reserved 1179648K
  class space    used 10004K, committed 10880K, reserved 1048576K
}
Event: 1899.195 GC heap before
{Heap before GC invocations=5266 (full 10):
 PSYoungGen      total 11776K, used 11764K [0x00000000d5580000, 0x00000000d6680000, 0x0000000100000000)
  eden space 10752K, 100% used [0x00000000d5580000,0x00000000d6000000,0x00000000d6000000)
  from space 1024K, 98% used [0x00000000d6000000,0x00000000d60fd200,0x00000000d6100000)
  to   space 2560K, 0% used [0x00000000d6400000,0x00000000d6400000,0x00000000d6680000)
 ParOldGen       total 1209856K, used 1209354K [0x0000000080000000, 0x00000000c9d80000, 0x00000000d5580000)
  object space 1209856K, 99% used [0x0000000080000000,0x00000000c9d02840,0x00000000c9d80000)
 Metaspace       used 98467K, committed 100352K, reserved 1179648K
  class space    used 10004K, committed 10880K, reserved 1048576K
}
Event: 1899.198 GC heap after
{Heap after GC invocations=5266 (full 10):
 PSYoungGen      total 14848K, used 976K [0x00000000d5580000, 0x00000000d6580000, 0x0000000100000000)
  eden space 13312K, 0% used [0x00000000d5580000,0x00000000d5580000,0x00000000d6280000)
  from space 1536K, 63% used [0x00000000d6400000,0x00000000d64f4030,0x00000000d6580000)
  to   space 1536K, 0% used [0x00000000d6280000,0x00000000d6280000,0x00000000d6400000)
 ParOldGen       total 1210880K, used 1210409K [0x0000000080000000, 0x00000000c9e80000, 0x00000000d5580000)
  object space 1210880K, 99% used [0x0000000080000000,0x00000000c9e0a5d0,0x00000000c9e80000)
 Metaspace       used 98467K, committed 100352K, reserved 1179648K
  class space    used 10004K, committed 10880K, reserved 1048576K
}
Event: 1900.293 GC heap before
{Heap before GC invocations=5267 (full 10):
 PSYoungGen      total 14848K, used 14288K [0x00000000d5580000, 0x00000000d6580000, 0x0000000100000000)
  eden space 13312K, 100% used [0x00000000d5580000,0x00000000d6280000,0x00000000d6280000)
  from space 1536K, 63% used [0x00000000d6400000,0x00000000d64f4030,0x00000000d6580000)
  to   space 1536K, 0% used [0x00000000d6280000,0x00000000d6280000,0x00000000d6400000)
 ParOldGen       total 1210880K, used 1210409K [0x0000000080000000, 0x00000000c9e80000, 0x00000000d5580000)
  object space 1210880K, 99% used [0x0000000080000000,0x00000000c9e0a5d0,0x00000000c9e80000)
 Metaspace       used 98470K, committed 100352K, reserved 1179648K
  class space    used 10004K, committed 10880K, reserved 1048576K
}
Event: 1900.295 GC heap after
{Heap after GC invocations=5267 (full 10):
 PSYoungGen      total 14848K, used 1524K [0x00000000d5580000, 0x00000000d6980000, 0x0000000100000000)
  eden space 13312K, 0% used [0x00000000d5580000,0x00000000d5580000,0x00000000d6280000)
  from space 1536K, 99% used [0x00000000d6280000,0x00000000d63fd200,0x00000000d6400000)
  to   space 3584K, 0% used [0x00000000d6600000,0x00000000d6600000,0x00000000d6980000)
 ParOldGen       total 1212416K, used 1211996K [0x0000000080000000, 0x00000000ca000000, 0x00000000d5580000)
  object space 1212416K, 99% used [0x0000000080000000,0x00000000c9f97340,0x00000000ca000000)
 Metaspace       used 98470K, committed 100352K, reserved 1179648K
  class space    used 10004K, committed 10880K, reserved 1048576K
}
Event: 1900.301 GC heap before
{Heap before GC invocations=5268 (full 10):
 PSYoungGen      total 14848K, used 14836K [0x00000000d5580000, 0x00000000d6980000, 0x0000000100000000)
  eden space 13312K, 100% used [0x00000000d5580000,0x00000000d6280000,0x00000000d6280000)
  from space 1536K, 99% used [0x00000000d6280000,0x00000000d63fd200,0x00000000d6400000)
  to   space 3584K, 0% used [0x00000000d6600000,0x00000000d6600000,0x00000000d6980000)
 ParOldGen       total 1212416K, used 1211996K [0x0000000080000000, 0x00000000ca000000, 0x00000000d5580000)
  object space 1212416K, 99% used [0x0000000080000000,0x00000000c9f97340,0x00000000ca000000)
 Metaspace       used 98470K, committed 100352K, reserved 1179648K
  class space    used 10004K, committed 10880K, reserved 1048576K
}
Event: 1900.303 GC heap after
{Heap after GC invocations=5268 (full 10):
 PSYoungGen      total 18432K, used 1104K [0x00000000d5580000, 0x00000000d6980000, 0x0000000100000000)
  eden space 14848K, 0% used [0x00000000d5580000,0x00000000d5580000,0x00000000d6400000)
  from space 3584K, 30% used [0x00000000d6600000,0x00000000d6714010,0x00000000d6980000)
  to   space 2048K, 0% used [0x00000000d6400000,0x00000000d6400000,0x00000000d6600000)
 ParOldGen       total 1213952K, used 1213549K [0x0000000080000000, 0x00000000ca180000, 0x00000000d5580000)
  object space 1213952K, 99% used [0x0000000080000000,0x00000000ca11b760,0x00000000ca180000)
 Metaspace       used 98470K, committed 100352K, reserved 1179648K
  class space    used 10004K, committed 10880K, reserved 1048576K
}
Event: 1900.317 GC heap before
{Heap before GC invocations=5269 (full 10):
 PSYoungGen      total 18432K, used 15880K [0x00000000d5580000, 0x00000000d6980000, 0x0000000100000000)
  eden space 14848K, 99% used [0x00000000d5580000,0x00000000d63ee200,0x00000000d6400000)
  from space 3584K, 30% used [0x00000000d6600000,0x00000000d6714010,0x00000000d6980000)
  to   space 2048K, 0% used [0x00000000d6400000,0x00000000d6400000,0x00000000d6600000)
 ParOldGen       total 1213952K, used 1213549K [0x0000000080000000, 0x00000000ca180000, 0x00000000d5580000)
  object space 1213952K, 99% used [0x0000000080000000,0x00000000ca11b760,0x00000000ca180000)
 Metaspace       used 98483K, committed 100352K, reserved 1179648K
  class space    used 10004K, committed 10880K, reserved 1048576K
}
Event: 1900.320 GC heap after
{Heap after GC invocations=5269 (full 10):
 PSYoungGen      total 16896K, used 2030K [0x00000000d5580000, 0x00000000d7400000, 0x0000000100000000)
  eden space 14848K, 0% used [0x00000000d5580000,0x00000000d5580000,0x00000000d6400000)
  from space 2048K, 99% used [0x00000000d6400000,0x00000000d65fb850,0x00000000d6600000)
  to   space 6656K, 0% used [0x00000000d6d80000,0x00000000d6d80000,0x00000000d7400000)
 ParOldGen       total 1217536K, used 1217230K [0x0000000080000000, 0x00000000ca500000, 0x00000000d5580000)
  object space 1217536K, 99% used [0x0000000080000000,0x00000000ca4b3be8,0x00000000ca500000)
 Metaspace       used 98483K, committed 100352K, reserved 1179648K
  class space    used 10004K, committed 10880K, reserved 1048576K
}
Event: 1900.338 GC heap before
{Heap before GC invocations=5270 (full 10):
 PSYoungGen      total 16896K, used 16878K [0x00000000d5580000, 0x00000000d7400000, 0x0000000100000000)
  eden space 14848K, 100% used [0x00000000d5580000,0x00000000d6400000,0x00000000d6400000)
  from space 2048K, 99% used [0x00000000d6400000,0x00000000d65fb850,0x00000000d6600000)
  to   space 6656K, 0% used [0x00000000d6d80000,0x00000000d6d80000,0x00000000d7400000)
 ParOldGen       total 1217536K, used 1217230K [0x0000000080000000, 0x00000000ca500000, 0x00000000d5580000)
  object space 1217536K, 99% used [0x0000000080000000,0x00000000ca4b3be8,0x00000000ca500000)
 Metaspace       used 98483K, committed 100352K, reserved 1179648K
  class space    used 10004K, committed 10880K, reserved 1048576K
}
Event: 1900.342 GC heap after
{Heap after GC invocations=5270 (full 10):
 PSYoungGen      total 21504K, used 6649K [0x00000000d5580000, 0x00000000d7400000, 0x0000000100000000)
  eden space 14848K, 0% used [0x00000000d5580000,0x00000000d5580000,0x00000000d6400000)
  from space 6656K, 99% used [0x00000000d6d80000,0x00000000d73fe7b8,0x00000000d7400000)
  to   space 7168K, 0% used [0x00000000d6600000,0x00000000d6600000,0x00000000d6d00000)
 ParOldGen       total 1219584K, used 1219292K [0x0000000080000000, 0x00000000ca700000, 0x00000000d5580000)
  object space 1219584K, 99% used [0x0000000080000000,0x00000000ca6b7228,0x00000000ca700000)
 Metaspace       used 98483K, committed 100352K, reserved 1179648K
  class space    used 10004K, committed 10880K, reserved 1048576K
}
Event: 1900.352 GC heap before
{Heap before GC invocations=5271 (full 10):
 PSYoungGen      total 21504K, used 21497K [0x00000000d5580000, 0x00000000d7400000, 0x0000000100000000)
  eden space 14848K, 100% used [0x00000000d5580000,0x00000000d6400000,0x00000000d6400000)
  from space 6656K, 99% used [0x00000000d6d80000,0x00000000d73fe7b8,0x00000000d7400000)
  to   space 7168K, 0% used [0x00000000d6600000,0x00000000d6600000,0x00000000d6d00000)
 ParOldGen       total 1219584K, used 1219292K [0x0000000080000000, 0x00000000ca700000, 0x00000000d5580000)
  object space 1219584K, 99% used [0x0000000080000000,0x00000000ca6b7228,0x00000000ca700000)
 Metaspace       used 98483K, committed 100352K, reserved 1179648K
  class space    used 10004K, committed 10880K, reserved 1048576K
}
Event: 1900.357 GC heap after
{Heap after GC invocations=5271 (full 10):
 PSYoungGen      total 18944K, used 1536K [0x00000000d5580000, 0x00000000d6e00000, 0x0000000100000000)
  eden space 16896K, 0% used [0x00000000d5580000,0x00000000d5580000,0x00000000d6600000)
  from space 2048K, 75% used [0x00000000d6600000,0x00000000d6780040,0x00000000d6800000)
  to   space 3584K, 0% used [0x00000000d6a80000,0x00000000d6a80000,0x00000000d6e00000)
 ParOldGen       total 1226240K, used 1225751K [0x0000000080000000, 0x00000000cad80000, 0x00000000d5580000)
  object space 1226240K, 99% used [0x0000000080000000,0x00000000cad05ee0,0x00000000cad80000)
 Metaspace       used 98483K, committed 100352K, reserved 1179648K
  class space    used 10004K, committed 10880K, reserved 1048576K
}
Event: 1900.372 GC heap before
{Heap before GC invocations=5272 (full 10):
 PSYoungGen      total 18944K, used 18432K [0x00000000d5580000, 0x00000000d6e00000, 0x0000000100000000)
  eden space 16896K, 100% used [0x00000000d5580000,0x00000000d6600000,0x00000000d6600000)
  from space 2048K, 75% used [0x00000000d6600000,0x00000000d6780040,0x00000000d6800000)
  to   space 3584K, 0% used [0x00000000d6a80000,0x00000000d6a80000,0x00000000d6e00000)
 ParOldGen       total 1226240K, used 1225751K [0x0000000080000000, 0x00000000cad80000, 0x00000000d5580000)
  object space 1226240K, 99% used [0x0000000080000000,0x00000000cad05ee0,0x00000000cad80000)
 Metaspace       used 98491K, committed 100352K, reserved 1179648K
  class space    used 10004K, committed 10880K, reserved 1048576K
}
Event: 1900.375 GC heap after
{Heap after GC invocations=5272 (full 10):
 PSYoungGen      total 22528K, used 2286K [0x00000000d5580000, 0x00000000d6e80000, 0x0000000100000000)
  eden space 18944K, 0% used [0x00000000d5580000,0x00000000d5580000,0x00000000d6800000)
  from space 3584K, 63% used [0x00000000d6a80000,0x00000000d6cbbb00,0x00000000d6e00000)
  to   space 2560K, 0% used [0x00000000d6800000,0x00000000d6800000,0x00000000d6a80000)
 ParOldGen       total 1227264K, used 1227097K [0x0000000080000000, 0x00000000cae80000, 0x00000000d5580000)
  object space 1227264K, 99% used [0x0000000080000000,0x00000000cae56460,0x00000000cae80000)
 Metaspace       used 98491K, committed 100352K, reserved 1179648K
  class space    used 10004K, committed 10880K, reserved 1048576K
}

Dll operation events (12 events):
Event: 0.016 Loaded shared library c:\Users\gamep\.vscode\extensions\redhat.java-1.50.0-win32-x64\jre\21.0.9-win32-x86_64\bin\java.dll
Event: 0.167 Loaded shared library c:\Users\gamep\.vscode\extensions\redhat.java-1.50.0-win32-x64\jre\21.0.9-win32-x86_64\bin\zip.dll
Event: 0.216 Loaded shared library C:\Users\gamep\.vscode\extensions\redhat.java-1.50.0-win32-x64\jre\21.0.9-win32-x86_64\bin\instrument.dll
Event: 0.232 Loaded shared library C:\Users\gamep\.vscode\extensions\redhat.java-1.50.0-win32-x64\jre\21.0.9-win32-x86_64\bin\net.dll
Event: 0.236 Loaded shared library C:\Users\gamep\.vscode\extensions\redhat.java-1.50.0-win32-x64\jre\21.0.9-win32-x86_64\bin\nio.dll
Event: 0.244 Loaded shared library C:\Users\gamep\.vscode\extensions\redhat.java-1.50.0-win32-x64\jre\21.0.9-win32-x86_64\bin\zip.dll
Event: 0.288 Loaded shared library C:\Users\gamep\.vscode\extensions\redhat.java-1.50.0-win32-x64\jre\21.0.9-win32-x86_64\bin\jimage.dll
Event: 0.511 Loaded shared library c:\Users\gamep\.vscode\extensions\redhat.java-1.50.0-win32-x64\jre\21.0.9-win32-x86_64\bin\verify.dll
Event: 3.432 Loaded shared library C:\Users\gamep\AppData\Roaming\Code\User\globalStorage\redhat.java\1.50.0\config_win\org.eclipse.equinox.launcher\org.eclipse.equinox.launcher.win32.win32.x86_64_1.2.1400.v20250801-0854\eclipse_11916.dll
Event: 16.941 Loaded shared library C:\Users\gamep\AppData\Local\Temp\jna-98120382\jna9436502920152898722.dll
Event: 88.899 Loaded shared library C:\Users\gamep\.vscode\extensions\redhat.java-1.50.0-win32-x64\jre\21.0.9-win32-x86_64\bin\sunmscapi.dll
Event: 89.246 Loaded shared library C:\Users\gamep\.vscode\extensions\redhat.java-1.50.0-win32-x64\jre\21.0.9-win32-x86_64\bin\extnet.dll

Deoptimization events (20 events):
Event: 1897.812 Thread 0x000001fa6e773190 Uncommon trap: trap_request=0xffffff45 fr.pc=0x000001fa19d973c0 relative=0x00000000000000a0
Event: 1897.812 Thread 0x000001fa6e773190 Uncommon trap: reason=unstable_if action=reinterpret pc=0x000001fa19d973c0 method=java.util.Collections.reverse(Ljava/util/List;)V @ 33 c2
Event: 1897.812 Thread 0x000001fa6e773190 DEOPT PACKING pc=0x000001fa19d973c0 sp=0x00000057f54feae0
Event: 1897.812 Thread 0x000001fa6e773190 DEOPT UNPACKING pc=0x000001fa18d73aa2 sp=0x00000057f54fea48 mode 2
Event: 1897.813 Thread 0x000001fa6e773190 Uncommon trap: trap_request=0xffffffde fr.pc=0x000001fa19694e04 relative=0x0000000000001bc4
Event: 1897.813 Thread 0x000001fa6e773190 Uncommon trap: reason=class_check action=maybe_recompile pc=0x000001fa19694e04 method=com.google.gson.internal.bind.MapTypeAdapterFactory$Adapter.read(Lcom/google/gson/stream/JsonReader;)Ljava/util/Map; @ 22 c2
Event: 1897.813 Thread 0x000001fa6e773190 DEOPT PACKING pc=0x000001fa19694e04 sp=0x00000057f54fe910
Event: 1897.813 Thread 0x000001fa6e773190 DEOPT UNPACKING pc=0x000001fa18d73aa2 sp=0x00000057f54fe860 mode 2
Event: 1897.832 Thread 0x000001fa6e773190 Uncommon trap: trap_request=0xffffff45 fr.pc=0x000001fa1aafaf94 relative=0x0000000000002094
Event: 1897.832 Thread 0x000001fa6e773190 Uncommon trap: reason=unstable_if action=reinterpret pc=0x000001fa1aafaf94 method=org.eclipse.lsp4j.jsonrpc.json.adapters.MessageTypeAdapter.write(Lcom/google/gson/stream/JsonWriter;Lorg/eclipse/lsp4j/jsonrpc/messages/Message;)V @ 191 c2
Event: 1897.832 Thread 0x000001fa6e773190 DEOPT PACKING pc=0x000001fa1aafaf94 sp=0x00000057f54feee0
Event: 1897.832 Thread 0x000001fa6e773190 DEOPT UNPACKING pc=0x000001fa18d73aa2 sp=0x00000057f54fee58 mode 2
Event: 1897.978 Thread 0x000001fa7e3267c0 Uncommon trap: trap_request=0xffffff45 fr.pc=0x000001fa1a83f62c relative=0x00000000000018ec
Event: 1897.978 Thread 0x000001fa7e3267c0 Uncommon trap: reason=unstable_if action=reinterpret pc=0x000001fa1a83f62c method=org.eclipse.jdt.internal.compiler.ClassFile.completeCodeAttribute(ILorg/eclipse/jdt/internal/compiler/lookup/MethodScope;)V @ 104 c2
Event: 1897.978 Thread 0x000001fa7e3267c0 DEOPT PACKING pc=0x000001fa1a83f62c sp=0x00000057f34fe0f0
Event: 1897.978 Thread 0x000001fa7e3267c0 DEOPT UNPACKING pc=0x000001fa18d73aa2 sp=0x00000057f34fe098 mode 2
Event: 1898.736 Thread 0x000001fa6d7b95f0 Uncommon trap: trap_request=0xffffff45 fr.pc=0x000001fa1a50ac14 relative=0x0000000000000594
Event: 1898.736 Thread 0x000001fa6d7b95f0 Uncommon trap: reason=unstable_if action=reinterpret pc=0x000001fa1a50ac14 method=java.util.HashMap.removeNode(ILjava/lang/Object;Ljava/lang/Object;ZZ)Ljava/util/HashMap$Node; @ 97 c2
Event: 1898.736 Thread 0x000001fa6d7b95f0 DEOPT PACKING pc=0x000001fa1a50ac14 sp=0x00000057f1efe060
Event: 1898.736 Thread 0x000001fa6d7b95f0 DEOPT UNPACKING pc=0x000001fa18d73aa2 sp=0x00000057f1efdf60 mode 2

Classes loaded (20 events):
Event: 1706.236 Loading class jdk/internal/module/IllegalAccessLogger
Event: 1706.236 Loading class jdk/internal/module/IllegalAccessLogger done
Event: 1854.599 Loading class jdk/internal/module/IllegalAccessLogger
Event: 1854.599 Loading class jdk/internal/module/IllegalAccessLogger done
Event: 1854.673 Loading class jdk/internal/module/IllegalAccessLogger
Event: 1854.673 Loading class jdk/internal/module/IllegalAccessLogger done
Event: 1858.404 Loading class java/lang/Throwable$WrappedPrintWriter
Event: 1858.404 Loading class java/lang/Throwable$PrintStreamOrWriter
Event: 1858.404 Loading class java/lang/Throwable$PrintStreamOrWriter done
Event: 1858.404 Loading class java/lang/Throwable$WrappedPrintWriter done
Event: 1869.522 Loading class jdk/internal/module/IllegalAccessLogger
Event: 1869.522 Loading class jdk/internal/module/IllegalAccessLogger done
Event: 1869.598 Loading class jdk/internal/module/IllegalAccessLogger
Event: 1869.598 Loading class jdk/internal/module/IllegalAccessLogger done
Event: 1871.580 Loading class jdk/internal/module/IllegalAccessLogger
Event: 1871.580 Loading class jdk/internal/module/IllegalAccessLogger done
Event: 1888.643 Loading class jdk/internal/module/IllegalAccessLogger
Event: 1888.643 Loading class jdk/internal/module/IllegalAccessLogger done
Event: 1889.841 Loading class jdk/internal/module/IllegalAccessLogger
Event: 1889.841 Loading class jdk/internal/module/IllegalAccessLogger done

Classes unloaded (20 events):
Event: 564.192 Thread 0x000001fa661e4920 Unloading class 0x000001fa267b5c00 'java/lang/invoke/LambdaForm$DMH+0x000001fa267b5c00'
Event: 564.192 Thread 0x000001fa661e4920 Unloading class 0x000001fa26770c00 'java/lang/invoke/LambdaForm$MH+0x000001fa26770c00'
Event: 564.192 Thread 0x000001fa661e4920 Unloading class 0x000001fa26770800 'java/lang/invoke/LambdaForm$MH+0x000001fa26770800'
Event: 564.192 Thread 0x000001fa661e4920 Unloading class 0x000001fa26770400 'java/lang/invoke/LambdaForm$MH+0x000001fa26770400'
Event: 564.192 Thread 0x000001fa661e4920 Unloading class 0x000001fa2676bc00 'java/lang/invoke/LambdaForm$MH+0x000001fa2676bc00'
Event: 564.192 Thread 0x000001fa661e4920 Unloading class 0x000001fa2676b800 'java/lang/invoke/LambdaForm$MH+0x000001fa2676b800'
Event: 564.192 Thread 0x000001fa661e4920 Unloading class 0x000001fa2676b400 'java/lang/invoke/LambdaForm$MH+0x000001fa2676b400'
Event: 564.192 Thread 0x000001fa661e4920 Unloading class 0x000001fa2676b000 'java/lang/invoke/LambdaForm$MH+0x000001fa2676b000'
Event: 564.192 Thread 0x000001fa661e4920 Unloading class 0x000001fa2676a800 'java/lang/invoke/LambdaForm$MH+0x000001fa2676a800'
Event: 564.192 Thread 0x000001fa661e4920 Unloading class 0x000001fa2676a400 'java/lang/invoke/LambdaForm$MH+0x000001fa2676a400'
Event: 564.192 Thread 0x000001fa661e4920 Unloading class 0x000001fa2676a000 'java/lang/invoke/LambdaForm$DMH+0x000001fa2676a000'
Event: 564.192 Thread 0x000001fa661e4920 Unloading class 0x000001fa26769c00 'java/lang/invoke/LambdaForm$DMH+0x000001fa26769c00'
Event: 564.192 Thread 0x000001fa661e4920 Unloading class 0x000001fa26769800 'java/lang/invoke/LambdaForm$DMH+0x000001fa26769800'
Event: 564.192 Thread 0x000001fa661e4920 Unloading class 0x000001fa26769000 'java/lang/invoke/LambdaForm$DMH+0x000001fa26769000'
Event: 564.192 Thread 0x000001fa661e4920 Unloading class 0x000001fa26768c00 'java/lang/invoke/LambdaForm$DMH+0x000001fa26768c00'
Event: 564.192 Thread 0x000001fa661e4920 Unloading class 0x000001fa26768400 'java/lang/invoke/LambdaForm$DMH+0x000001fa26768400'
Event: 564.192 Thread 0x000001fa661e4920 Unloading class 0x000001fa26719400 'java/lang/invoke/LambdaForm$DMH+0x000001fa26719400'
Event: 564.192 Thread 0x000001fa661e4920 Unloading class 0x000001fa26719000 'java/lang/invoke/LambdaForm$DMH+0x000001fa26719000'
Event: 564.192 Thread 0x000001fa661e4920 Unloading class 0x000001fa26718800 'java/lang/invoke/LambdaForm$DMH+0x000001fa26718800'
Event: 564.192 Thread 0x000001fa661e4920 Unloading class 0x000001fa26718400 'java/lang/invoke/LambdaForm$DMH+0x000001fa26718400'

Classes redefined (0 events):
No events

Internal exceptions (20 events):
Event: 1858.404 Thread 0x000001fa6f9b4ab0 Implicit null exception at 0x000001fa121839cd to 0x000001fa12183ae8
Event: 1858.404 Thread 0x000001fa6f9b4ab0 Exception <a 'java/lang/NullPointerException'{0x00000000d55af6f8}> (0x00000000d55af6f8) 
thrown [s\src\hotspot\share\runtime\sharedRuntime.cpp, line 625]
Event: 1858.436 Thread 0x000001fa7e3267c0 Implicit null exception at 0x000001fa1ab34a9c to 0x000001fa1ab3565c
Event: 1858.688 Thread 0x000001fa7e3267c0 Exception <a 'java/lang/ClassNotFoundException'{0x00000000d57ff010}: sun/net/www/protocol/jdt/Handler> (0x00000000d57ff010) 
thrown [s\src\hotspot\share\classfile\systemDictionary.cpp, line 312]
Event: 1858.688 Thread 0x000001fa7e3267c0 Exception <a 'java/lang/ClassNotFoundException'{0x00000000d5801e58}: sun/net/www/protocol/jdt/Handler> (0x00000000d5801e58) 
thrown [s\src\hotspot\share\classfile\systemDictionary.cpp, line 312]
Event: 1858.688 Thread 0x000001fa7e3267c0 Exception <a 'java/lang/ClassNotFoundException'{0x00000000d5806f88}: sun/net/www/protocol/jdt/Handler> (0x00000000d5806f88) 
thrown [s\src\hotspot\share\classfile\systemDictionary.cpp, line 312]
Event: 1858.688 Thread 0x000001fa7e3267c0 Exception <a 'java/lang/ClassNotFoundException'{0x00000000d580b860}: sun/net/www/protocol/jdt/Handler> (0x00000000d580b860) 
thrown [s\src\hotspot\share\classfile\systemDictionary.cpp, line 312]
Event: 1858.688 Thread 0x000001fa7e3267c0 Exception <a 'java/lang/ClassNotFoundException'{0x00000000d580e1d8}: sun/net/www/protocol/jdt/Handler> (0x00000000d580e1d8) 
thrown [s\src\hotspot\share\classfile\systemDictionary.cpp, line 312]
Event: 1858.688 Thread 0x000001fa7e3267c0 Exception <a 'java/lang/ClassNotFoundException'{0x00000000d5810b70}: sun/net/www/protocol/jdt/Handler> (0x00000000d5810b70) 
thrown [s\src\hotspot\share\classfile\systemDictionary.cpp, line 312]
Event: 1858.688 Thread 0x000001fa7e3267c0 Exception <a 'java/lang/ClassNotFoundException'{0x00000000d5813530}: sun/net/www/protocol/jdt/Handler> (0x00000000d5813530) 
thrown [s\src\hotspot\share\classfile\systemDictionary.cpp, line 312]
Event: 1868.187 Thread 0x000001fa6d7bb030 Exception <a 'java/lang/ClassNotFoundException'{0x00000000d57d1040}: sun/net/www/protocol/jdt/Handler> (0x00000000d57d1040) 
thrown [s\src\hotspot\share\classfile\systemDictionary.cpp, line 312]
Event: 1868.187 Thread 0x000001fa6d7bb030 Exception <a 'java/lang/ClassNotFoundException'{0x00000000d57d3230}: sun/net/www/protocol/jdt/Handler> (0x00000000d57d3230) 
thrown [s\src\hotspot\share\classfile\systemDictionary.cpp, line 312]
Event: 1868.187 Thread 0x000001fa6d7bb030 Exception <a 'java/lang/ClassNotFoundException'{0x00000000d57d5408}: sun/net/www/protocol/jdt/Handler> (0x00000000d57d5408) 
thrown [s\src\hotspot\share\classfile\systemDictionary.cpp, line 312]
Event: 1869.350 Thread 0x000001fa67b1f410 Exception <a 'sun/nio/fs/WindowsException'{0x00000000d583bbe0}> (0x00000000d583bbe0) 
thrown [s\src\hotspot\share\prims\jni.cpp, line 520]
Event: 1869.688 Thread 0x000001fa67b1f410 Exception <a 'sun/nio/fs/WindowsException'{0x00000000d55b62d0}> (0x00000000d55b62d0) 
thrown [s\src\hotspot\share\prims\jni.cpp, line 520]
Event: 1871.428 Thread 0x000001fa67b1f410 Exception <a 'sun/nio/fs/WindowsException'{0x00000000d55fb5a8}> (0x00000000d55fb5a8) 
thrown [s\src\hotspot\share\prims\jni.cpp, line 520]
Event: 1871.820 Thread 0x000001fa67b1f410 Exception <a 'sun/nio/fs/WindowsException'{0x00000000d55b66b8}> (0x00000000d55b66b8) 
thrown [s\src\hotspot\share\prims\jni.cpp, line 520]
Event: 1888.474 Thread 0x000001fa67b1f410 Exception <a 'sun/nio/fs/WindowsException'{0x00000000d56fe398}> (0x00000000d56fe398) 
thrown [s\src\hotspot\share\prims\jni.cpp, line 520]
Event: 1888.763 Thread 0x000001fa67b1f410 Exception <a 'sun/nio/fs/WindowsException'{0x00000000d5ed0f18}> (0x00000000d5ed0f18) 
thrown [s\src\hotspot\share\prims\jni.cpp, line 520]
Event: 1897.832 Thread 0x000001fa6e773190 Implicit null exception at 0x000001fa1aaf9686 to 0x000001fa1aafaf80

ZGC Phase Switch (0 events):
No events

VM Operations (20 events):
Event: 1899.170 Executing VM operation: ParallelGCFailedAllocation (Allocation Failure)
Event: 1899.172 Executing VM operation: ParallelGCFailedAllocation (Allocation Failure) done
Event: 1899.177 Executing VM operation: ParallelGCFailedAllocation (Allocation Failure)
Event: 1899.179 Executing VM operation: ParallelGCFailedAllocation (Allocation Failure) done
Event: 1899.186 Executing VM operation: ParallelGCFailedAllocation (Allocation Failure)
Event: 1899.189 Executing VM operation: ParallelGCFailedAllocation (Allocation Failure) done
Event: 1899.195 Executing VM operation: ParallelGCFailedAllocation (Allocation Failure)
Event: 1899.198 Executing VM operation: ParallelGCFailedAllocation (Allocation Failure) done
Event: 1900.293 Executing VM operation: ParallelGCFailedAllocation (Allocation Failure)
Event: 1900.295 Executing VM operation: ParallelGCFailedAllocation (Allocation Failure) done
Event: 1900.301 Executing VM operation: ParallelGCFailedAllocation (Allocation Failure)
Event: 1900.303 Executing VM operation: ParallelGCFailedAllocation (Allocation Failure) done
Event: 1900.317 Executing VM operation: ParallelGCFailedAllocation (Allocation Failure)
Event: 1900.320 Executing VM operation: ParallelGCFailedAllocation (Allocation Failure) done
Event: 1900.338 Executing VM operation: ParallelGCFailedAllocation (Allocation Failure)
Event: 1900.342 Executing VM operation: ParallelGCFailedAllocation (Allocation Failure) done
Event: 1900.352 Executing VM operation: ParallelGCFailedAllocation (Allocation Failure)
Event: 1900.357 Executing VM operation: ParallelGCFailedAllocation (Allocation Failure) done
Event: 1900.372 Executing VM operation: ParallelGCFailedAllocation (Allocation Failure)
Event: 1900.375 Executing VM operation: ParallelGCFailedAllocation (Allocation Failure) done

Memory protections (0 events):
No events

Nmethod flushes (20 events):
Event: 1707.294 Thread 0x000001fa661e4920 flushing  nmethod 0x000001fa14126e90
Event: 1707.294 Thread 0x000001fa661e4920 flushing  nmethod 0x000001fa14127e90
Event: 1707.294 Thread 0x000001fa661e4920 flushing  nmethod 0x000001fa14152c90
Event: 1707.294 Thread 0x000001fa661e4920 flushing  nmethod 0x000001fa14254990
Event: 1707.294 Thread 0x000001fa661e4920 flushing  nmethod 0x000001fa142e1690
Event: 1707.294 Thread 0x000001fa661e4920 flushing  nmethod 0x000001fa14403110
Event: 1707.294 Thread 0x000001fa661e4920 flushing  nmethod 0x000001fa14457f10
Event: 1707.294 Thread 0x000001fa661e4920 flushing  nmethod 0x000001fa144c1710
Event: 1707.294 Thread 0x000001fa661e4920 flushing  nmethod 0x000001fa14537690
Event: 1707.294 Thread 0x000001fa661e4920 flushing  nmethod 0x000001fa14573e10
Event: 1707.294 Thread 0x000001fa661e4920 flushing  nmethod 0x000001fa145edb90
Event: 1707.294 Thread 0x000001fa661e4920 flushing  nmethod 0x000001fa145edf10
Event: 1707.294 Thread 0x000001fa661e4920 flushing  nmethod 0x000001fa145eee90
Event: 1707.294 Thread 0x000001fa661e4920 flushing  nmethod 0x000001fa146ebe10
Event: 1707.294 Thread 0x000001fa661e4920 flushing  nmethod 0x000001fa146f1690
Event: 1707.294 Thread 0x000001fa661e4920 flushing  nmethod 0x000001fa14719490
Event: 1707.294 Thread 0x000001fa661e4920 flushing  nmethod 0x000001fa1474c290
Event: 1707.294 Thread 0x000001fa661e4920 flushing  nmethod 0x000001fa14753290
Event: 1707.294 Thread 0x000001fa661e4920 flushing  nmethod 0x000001fa14aabc10
Event: 1707.294 Thread 0x000001fa661e4920 flushing  nmethod 0x000001fa14abf690

Events (20 events):
Event: 1854.742 Thread 0x000001fa677fb210 Thread added: 0x000001fa70a841e0
Event: 1857.357 Thread 0x000001fa70a841e0 Thread exited: 0x000001fa70a841e0
Event: 1857.357 Thread 0x000001fa70a863f0 Thread exited: 0x000001fa70a863f0
Event: 1858.484 Thread 0x000001fa677fb210 Thread added: 0x000001fa70a85650
Event: 1858.688 Thread 0x000001fa677c38e0 Thread added: 0x000001fa70a87190
Event: 1861.413 Thread 0x000001fa70a87190 Thread exited: 0x000001fa70a87190
Event: 1861.413 Thread 0x000001fa70a85650 Thread exited: 0x000001fa70a85650
Event: 1862.671 Thread 0x000001fa677c38e0 Thread added: 0x000001fa70a87190
Event: 1862.678 Thread 0x000001fa6e773190 Thread added: 0x000001fa6d7bb030
Event: 1862.836 Thread 0x000001fa70a87190 Thread exited: 0x000001fa70a87190
Event: 1866.136 Thread 0x000001fa677c38e0 Thread added: 0x000001fa70a87190
Event: 1866.136 Thread 0x000001fa677c38e0 Thread added: 0x000001fa70a848b0
Event: 1866.244 Thread 0x000001fa70a848b0 Thread exited: 0x000001fa70a848b0
Event: 1866.244 Thread 0x000001fa70a87190 Thread exited: 0x000001fa70a87190
Event: 1869.453 Thread 0x000001fa6d7b6e90 Thread added: 0x000001fa6d7b7bb0
Event: 1869.533 Thread 0x000001fa677fb210 Thread added: 0x000001fa70a87190
Event: 1870.417 Thread 0x000001fa70a87190 Thread exited: 0x000001fa70a87190
Event: 1882.484 Thread 0x000001fa677fb210 Thread added: 0x000001fa70a848b0
Event: 1882.774 Thread 0x000001fa70a848b0 Thread exited: 0x000001fa70a848b0
Event: 1888.787 Thread 0x000001fa7e326e50 Thread added: 0x000001fa6d7bbd50


Dynamic libraries:
0x00007ff6ef020000 - 0x00007ff6ef02e000 	c:\Users\gamep\.vscode\extensions\redhat.java-1.50.0-win32-x64\jre\21.0.9-win32-x86_64\bin\java.exe
0x00007ffb9d5c0000 - 0x00007ffb9d828000 	C:\WINDOWS\SYSTEM32\ntdll.dll
0x00007ffb9c550000 - 0x00007ffb9c619000 	C:\WINDOWS\System32\KERNEL32.DLL
0x00007ffb9af60000 - 0x00007ffb9b358000 	C:\WINDOWS\System32\KERNELBASE.dll
0x00007ffb9a9d0000 - 0x00007ffb9ab1b000 	C:\WINDOWS\System32\ucrtbase.dll
0x00007ffb7cf70000 - 0x00007ffb7cf88000 	c:\Users\gamep\.vscode\extensions\redhat.java-1.50.0-win32-x64\jre\21.0.9-win32-x86_64\bin\jli.dll
0x00007ffb808c0000 - 0x00007ffb808de000 	c:\Users\gamep\.vscode\extensions\redhat.java-1.50.0-win32-x64\jre\21.0.9-win32-x86_64\bin\VCRUNTIME140.dll
0x00007ffb9bab0000 - 0x00007ffb9bc77000 	C:\WINDOWS\System32\USER32.dll
0x00007ffb80380000 - 0x00007ffb80614000 	C:\WINDOWS\WinSxS\amd64_microsoft.windows.common-controls_6595b64144ccf1df_6.0.26100.7019_none_3e06ffa0e335b8a8\COMCTL32.dll
0x00007ffb9adc0000 - 0x00007ffb9ade7000 	C:\WINDOWS\System32\win32u.dll
0x00007ffb9bf20000 - 0x00007ffb9bfc9000 	C:\WINDOWS\System32\msvcrt.dll
0x00007ffb9bfd0000 - 0x00007ffb9bffb000 	C:\WINDOWS\System32\GDI32.dll
0x00007ffb9abd0000 - 0x00007ffb9acfc000 	C:\WINDOWS\System32\gdi32full.dll
0x00007ffb9a7a0000 - 0x00007ffb9a843000 	C:\WINDOWS\System32\msvcp_win.dll
0x00007ffb9c340000 - 0x00007ffb9c371000 	C:\WINDOWS\System32\IMM32.DLL
0x00007ffb88c90000 - 0x00007ffb88c9c000 	c:\Users\gamep\.vscode\extensions\redhat.java-1.50.0-win32-x64\jre\21.0.9-win32-x86_64\bin\vcruntime140_1.dll
0x00007ffb63ea0000 - 0x00007ffb63f2d000 	c:\Users\gamep\.vscode\extensions\redhat.java-1.50.0-win32-x64\jre\21.0.9-win32-x86_64\bin\msvcp140.dll
0x00007ffb03150000 - 0x00007ffb03ef0000 	c:\Users\gamep\.vscode\extensions\redhat.java-1.50.0-win32-x64\jre\21.0.9-win32-x86_64\bin\server\jvm.dll
0x00007ffb9be60000 - 0x00007ffb9bf14000 	C:\WINDOWS\System32\ADVAPI32.dll
0x00007ffb9c380000 - 0x00007ffb9c426000 	C:\WINDOWS\System32\sechost.dll
0x00007ffb9c430000 - 0x00007ffb9c548000 	C:\WINDOWS\System32\RPCRT4.dll
0x00007ffb9c000000 - 0x00007ffb9c074000 	C:\WINDOWS\System32\WS2_32.dll
0x00007ffb9a570000 - 0x00007ffb9a5ce000 	C:\WINDOWS\SYSTEM32\POWRPROF.dll
0x00007ffb8ef60000 - 0x00007ffb8ef95000 	C:\WINDOWS\SYSTEM32\WINMM.dll
0x00007ffb8e1b0000 - 0x00007ffb8e1bb000 	C:\WINDOWS\SYSTEM32\VERSION.dll
0x00007ffb9a4a0000 - 0x00007ffb9a4b4000 	C:\WINDOWS\SYSTEM32\UMPDC.dll
0x00007ffb994d0000 - 0x00007ffb994eb000 	C:\WINDOWS\SYSTEM32\kernel.appcore.dll
0x00007ffb86ac0000 - 0x00007ffb86aca000 	c:\Users\gamep\.vscode\extensions\redhat.java-1.50.0-win32-x64\jre\21.0.9-win32-x86_64\bin\jimage.dll
0x00007ffb97e30000 - 0x00007ffb98072000 	C:\WINDOWS\SYSTEM32\DBGHELP.DLL
0x00007ffb9b590000 - 0x00007ffb9b91b000 	C:\WINDOWS\System32\combase.dll
0x00007ffb9c0a0000 - 0x00007ffb9c177000 	C:\WINDOWS\System32\OLEAUT32.dll
0x00007ffb74350000 - 0x00007ffb7438c000 	C:\WINDOWS\SYSTEM32\dbgcore.DLL
0x00007ffb9ab20000 - 0x00007ffb9abc5000 	C:\WINDOWS\System32\bcryptPrimitives.dll
0x00007ffb86190000 - 0x00007ffb8619f000 	c:\Users\gamep\.vscode\extensions\redhat.java-1.50.0-win32-x64\jre\21.0.9-win32-x86_64\bin\instrument.dll
0x00007ffb7cef0000 - 0x00007ffb7cf10000 	c:\Users\gamep\.vscode\extensions\redhat.java-1.50.0-win32-x64\jre\21.0.9-win32-x86_64\bin\java.dll
0x00007ffb9c710000 - 0x00007ffb9ce5f000 	C:\WINDOWS\System32\SHELL32.dll
0x00007ffb9adf0000 - 0x00007ffb9af5b000 	C:\WINDOWS\System32\wintypes.dll
0x00007ffb98310000 - 0x00007ffb98b6d000 	C:\WINDOWS\SYSTEM32\windows.storage.dll
0x00007ffb9d480000 - 0x00007ffb9d572000 	C:\WINDOWS\System32\SHCORE.dll
0x00007ffb9c6a0000 - 0x00007ffb9c707000 	C:\WINDOWS\System32\shlwapi.dll
0x00007ffb9a630000 - 0x00007ffb9a659000 	C:\WINDOWS\SYSTEM32\profapi.dll
0x00007ffb78570000 - 0x00007ffb78588000 	c:\Users\gamep\.vscode\extensions\redhat.java-1.50.0-win32-x64\jre\21.0.9-win32-x86_64\bin\zip.dll
0x00007ffb85d50000 - 0x00007ffb85d60000 	C:\Users\gamep\.vscode\extensions\redhat.java-1.50.0-win32-x64\jre\21.0.9-win32-x86_64\bin\net.dll
0x00007ffb908e0000 - 0x00007ffb90a08000 	C:\WINDOWS\SYSTEM32\WINHTTP.dll
0x00007ffb99a40000 - 0x00007ffb99aab000 	C:\WINDOWS\system32\mswsock.dll
0x00007ffb769a0000 - 0x00007ffb769b6000 	C:\Users\gamep\.vscode\extensions\redhat.java-1.50.0-win32-x64\jre\21.0.9-win32-x86_64\bin\nio.dll
0x00007ffb84be0000 - 0x00007ffb84bf0000 	c:\Users\gamep\.vscode\extensions\redhat.java-1.50.0-win32-x64\jre\21.0.9-win32-x86_64\bin\verify.dll
0x00007ffb692b0000 - 0x00007ffb692f4000 	C:\Users\gamep\AppData\Roaming\Code\User\globalStorage\redhat.java\1.50.0\config_win\org.eclipse.equinox.launcher\org.eclipse.equinox.launcher.win32.win32.x86_64_1.2.1400.v20250801-0854\eclipse_11916.dll
0x00007ffb9b3f0000 - 0x00007ffb9b587000 	C:\WINDOWS\System32\ole32.dll
0x00007ffb99d00000 - 0x00007ffb99d1b000 	C:\WINDOWS\SYSTEM32\CRYPTSP.dll
0x00007ffb99430000 - 0x00007ffb9946a000 	C:\WINDOWS\system32\rsaenh.dll
0x00007ffb99af0000 - 0x00007ffb99b1b000 	C:\WINDOWS\SYSTEM32\USERENV.dll
0x00007ffb9a600000 - 0x00007ffb9a62a000 	C:\WINDOWS\SYSTEM32\bcrypt.dll
0x00007ffb99d20000 - 0x00007ffb99d2c000 	C:\WINDOWS\SYSTEM32\CRYPTBASE.dll
0x00007ffb99010000 - 0x00007ffb99044000 	C:\WINDOWS\SYSTEM32\IPHLPAPI.DLL
0x00007ffb9b3d0000 - 0x00007ffb9b3da000 	C:\WINDOWS\System32\NSI.dll
0x00007ffb759c0000 - 0x00007ffb75a09000 	C:\Users\gamep\AppData\Local\Temp\jna-98120382\jna9436502920152898722.dll
0x00007ffb9ba10000 - 0x00007ffb9ba18000 	C:\WINDOWS\System32\PSAPI.DLL
0x00007ffb90ea0000 - 0x00007ffb90ebe000 	C:\WINDOWS\SYSTEM32\dhcpcsvc6.DLL
0x00007ffb90e70000 - 0x00007ffb90e93000 	C:\WINDOWS\SYSTEM32\dhcpcsvc.DLL
0x00007ffb82670000 - 0x00007ffb8267e000 	C:\Users\gamep\.vscode\extensions\redhat.java-1.50.0-win32-x64\jre\21.0.9-win32-x86_64\bin\sunmscapi.dll
0x00007ffb9a850000 - 0x00007ffb9a9c7000 	C:\WINDOWS\System32\CRYPT32.dll
0x00007ffb99f20000 - 0x00007ffb99f50000 	C:\WINDOWS\SYSTEM32\ncrypt.dll
0x00007ffb99ed0000 - 0x00007ffb99f0f000 	C:\WINDOWS\SYSTEM32\NTASN1.dll
0x00007ffb6d920000 - 0x00007ffb6d928000 	C:\WINDOWS\system32\wshunix.dll
0x00007ffb7cfc0000 - 0x00007ffb7cfc9000 	C:\Users\gamep\.vscode\extensions\redhat.java-1.50.0-win32-x64\jre\21.0.9-win32-x86_64\bin\extnet.dll
0x00007ffb99050000 - 0x00007ffb9917c000 	C:\WINDOWS\SYSTEM32\DNSAPI.dll
0x00007ffb8e1c0000 - 0x00007ffb8e1cb000 	C:\Windows\System32\rasadhlp.dll
0x00007ffb913c0000 - 0x00007ffb91446000 	C:\WINDOWS\System32\fwpuclnt.dll

JVMTI agents:
c:\Users\gamep\.vscode\extensions\redhat.java-1.50.0-win32-x64\lombok\lombok-1.18.39-4050.jar path:c:\Users\gamep\.vscode\extensions\redhat.java-1.50.0-win32-x64\jre\21.0.9-win32-x86_64\bin\instrument.dll, loaded, initialized, instrumentlib options:none

dbghelp: loaded successfully - version: 4.0.5 - missing functions: none
symbol engine: initialized successfully - sym options: 0x614 - pdb path: .;c:\Users\gamep\.vscode\extensions\redhat.java-1.50.0-win32-x64\jre\21.0.9-win32-x86_64\bin;C:\WINDOWS\SYSTEM32;C:\WINDOWS\WinSxS\amd64_microsoft.windows.common-controls_6595b64144ccf1df_6.0.26100.7019_none_3e06ffa0e335b8a8;c:\Users\gamep\.vscode\extensions\redhat.java-1.50.0-win32-x64\jre\21.0.9-win32-x86_64\bin\server;C:\Users\gamep\AppData\Roaming\Code\User\globalStorage\redhat.java\1.50.0\config_win\org.eclipse.equinox.launcher\org.eclipse.equinox.launcher.win32.win32.x86_64_1.2.1400.v20250801-0854;C:\Users\gamep\AppData\Local\Temp\jna-98120382

VM Arguments:
jvm_args: --add-modules=ALL-SYSTEM --add-opens=java.base/java.util=ALL-UNNAMED --add-opens=java.base/java.lang=ALL-UNNAMED --add-opens=java.base/sun.nio.fs=ALL-UNNAMED -Declipse.application=org.eclipse.jdt.ls.core.id1 -Dosgi.bundles.defaultStartLevel=4 -Declipse.product=org.eclipse.jdt.ls.core.product -Djava.import.generatesMetadataFilesAtProjectRoot=false -DDetectVMInstallationsJob.disabled=true -Dfile.encoding=utf8 -XX:+UseParallelGC -XX:GCTimeRatio=4 -XX:AdaptiveSizePolicyWeight=90 -Dsun.zip.disableMemoryMapping=true -Xmx2G -Xms100m -Xlog:disable -javaagent:c:\Users\gamep\.vscode\extensions\redhat.java-1.50.0-win32-x64\lombok\lombok-1.18.39-4050.jar -XX:+HeapDumpOnOutOfMemoryError -XX:HeapDumpPath=c:\Users\gamep\AppData\Roaming\Code\User\workspaceStorage\187ae34c5d95b0b3246b7d99eabff1b5\redhat.java -Daether.dependencyCollector.impl=bf 
java_command: c:\Users\gamep\.vscode\extensions\redhat.java-1.50.0-win32-x64\server\plugins\org.eclipse.equinox.launcher_1.7.100.v20251111-0406.jar -configuration c:\Users\gamep\AppData\Roaming\Code\User\globalStorage\redhat.java\1.50.0\config_win -data c:\Users\gamep\AppData\Roaming\Code\User\workspaceStorage\187ae34c5d95b0b3246b7d99eabff1b5\redhat.java\jdt_ws --pipe=\\.\pipe\lsp-fe53b7678ef88eb560db5fa29f558b18-sock
java_class_path (initial): c:\Users\gamep\.vscode\extensions\redhat.java-1.50.0-win32-x64\server\plugins\org.eclipse.equinox.launcher_1.7.100.v20251111-0406.jar
Launcher Type: SUN_STANDARD

[Global flags]
    uintx AdaptiveSizePolicyWeight                 = 90                                        {product} {command line}
     intx CICompilerCount                          = 12                                        {product} {ergonomic}
    uintx GCTimeRatio                              = 4                                         {product} {command line}
     bool HeapDumpOnOutOfMemoryError               = true                                   {manageable} {command line}
    ccstr HeapDumpPath                             = c:\Users\gamep\AppData\Roaming\Code\User\workspaceStorage\187ae34c5d95b0b3246b7d99eabff1b5\redhat.java         {manageable} {command line}
   size_t InitialHeapSize                          = 104857600                                 {product} {command line}
   size_t MaxHeapSize                              = 2147483648                                {product} {command line}
   size_t MaxNewSize                               = 715653120                                 {product} {ergonomic}
   size_t MinHeapDeltaBytes                        = 524288                                    {product} {ergonomic}
   size_t MinHeapSize                              = 104857600                                 {product} {command line}
   size_t NewSize                                  = 34603008                                  {product} {ergonomic}
    uintx NonNMethodCodeHeapSize                   = 7602480                                {pd product} {ergonomic}
    uintx NonProfiledCodeHeapSize                  = 122027880                              {pd product} {ergonomic}
   size_t OldSize                                  = 70254592                                  {product} {ergonomic}
    uintx ProfiledCodeHeapSize                     = 122027880                              {pd product} {ergonomic}
    uintx ReservedCodeCacheSize                    = 251658240                              {pd product} {ergonomic}
     bool SegmentedCodeCache                       = true                                      {product} {ergonomic}
   size_t SoftMaxHeapSize                          = 2147483648                             {manageable} {ergonomic}
     bool UseCompressedOops                        = true                           {product lp64_product} {ergonomic}
     bool UseLargePagesIndividualAllocation        = false                                  {pd product} {ergonomic}
     bool UseParallelGC                            = true                                      {product} {command line}

Logging:
Log output configuration:
 #0: stdout all=off uptime,level,tags foldmultilines=false
 #1: stderr all=off uptime,level,tags foldmultilines=false

Release file:
JAVA_VERSION="21.0.9" 
MODULES="java.base java.compiler java.datatransfer java.xml java.prefs java.desktop java.instrument java.logging java.management java.security.sasl java.naming java.rmi java.management.rmi java.net.http java.scripting java.security.jgss java.transaction.xa java.sql java.sql.rowset java.xml.crypto java.se java.smartcardio jdk.accessibility jdk.internal.jvmstat jdk.attach jdk.charsets jdk.internal.opt jdk.zipfs jdk.compiler jdk.crypto.ec jdk.crypto.cryptoki jdk.crypto.mscapi jdk.dynalink jdk.internal.ed jdk.editpad jdk.hotspot.agent jdk.httpserver jdk.internal.le jdk.internal.vm.ci jdk.internal.vm.compiler jdk.internal.vm.compiler.management jdk.jartool jdk.javadoc jdk.jcmd jdk.management jdk.management.agent jdk.jconsole jdk.jdeps jdk.jdwp.agent jdk.jdi jdk.jfr jdk.jshell jdk.jsobject jdk.jstatd jdk.localedata jdk.management.jfr jdk.naming.dns jdk.naming.rmi jdk.net jdk.nio.mapmode jdk.random jdk.sctp jdk.security.auth jdk.security.jgss jdk.unsupported jdk.unsupported.desktop jdk.xml.dom" 

Environment Variables:
JAVA_HOME=C:\Program Files\Java\jdk-23
PATH=C:\Program Files\Common Files\Oracle\Java\javapath;C:\WINDOWS\system32;C:\WINDOWS;C:\WINDOWS\System32\Wbem;C:\WINDOWS\System32\WindowsPowerShell\v1.0\;C:\WINDOWS\System32\OpenSSH\;C:\Program Files\Git\cmd;C:\Program Files\Java\jdk-23\bin;C:\Program Files\apache-maven-3.9.9\bin;C:\Program Files\Java\jdk-23\bin;C:\Program Files\PuTTY\;C:\Program Files\nodejs\;C:\Program Files\mingw-w64-v11.0.0;C:\Program Files\Docker\Docker\resources\bin;C:\Program Files\sqlite;C:\Program Files\JAM Software\TreeSize Free;C:\Program Files\Terraform;C:\Program Files\azure\bin;C:\Program Files\OpenSSL-Win64\bin;C:\Program Files\Vagrant\bin;C:\Users\gamep\AppData\Local\Microsoft\WindowsApps;C:\Users\gamep\AppData\Local\Programs\Microsoft VS Code\bin;C:\Program Files\Java\jdk-23\bin;C:\Program Files\Java\jdk-23\bin;C:\Program Files\JetBrains\CLion 2024.3.2\bin;;C:\Users\gamep\AppData\Local\Microsoft\WinGet\Packages\Schniz.fnm_Microsoft.Winget.Source_8wekyb3d8bbwe;C:\Users\gamep\AppData\Roaming\npm;C:\Program Files\OpenSSL-Win64\bin;C:\Program Files\PostgreSQL\17\bin;
USERNAME=gamep
OS=Windows_NT
PROCESSOR_IDENTIFIER=Intel64 Family 6 Model 154 Stepping 3, GenuineIntel
TMP=C:\Users\gamep\AppData\Local\Temp
TEMP=C:\Users\gamep\AppData\Local\Temp




Periodic native trim disabled

---------------  S Y S T E M  ---------------

OS:
 Windows 11 , 64 bit Build 26100 (10.0.26100.7019)
OS uptime: 14 days 13:08 hours
Hyper-V role detected

CPU: total 16 (initial active 16) (8 cores per cpu, 2 threads per core) family 6 model 154 stepping 3 microcode 0x41b, cx8, cmov, fxsr, ht, mmx, 3dnowpref, sse, sse2, sse3, ssse3, sse4.1, sse4.2, popcnt, lzcnt, tsc, tscinvbit, avx, avx2, aes, erms, clmul, bmi1, bmi2, adx, sha, fma, vzeroupper, clflush, clflushopt, clwb, hv, serialize, rdtscp, rdpid, fsrm, f16c, cet_ibt, cet_ss
Processor Information for processor 0
  Max Mhz: 2500, Current Mhz: 2500, Mhz Limit: 2500
Processor Information for processor 1
  Max Mhz: 2500, Current Mhz: 2500, Mhz Limit: 2500
Processor Information for processor 2
  Max Mhz: 2500, Current Mhz: 2500, Mhz Limit: 2500
Processor Information for processor 3
  Max Mhz: 2500, Current Mhz: 2500, Mhz Limit: 2500
Processor Information for processor 4
  Max Mhz: 2500, Current Mhz: 2500, Mhz Limit: 2500
Processor Information for processor 5
  Max Mhz: 2500, Current Mhz: 2500, Mhz Limit: 2500
Processor Information for processor 6
  Max Mhz: 2500, Current Mhz: 2500, Mhz Limit: 2500
Processor Information for processor 7
  Max Mhz: 2500, Current Mhz: 2500, Mhz Limit: 2500
Processor Information for processor 8
  Max Mhz: 2500, Current Mhz: 1500, Mhz Limit: 1800
Processor Information for processor 9
  Max Mhz: 2500, Current Mhz: 1500, Mhz Limit: 1800
Processor Information for processor 10
  Max Mhz: 2500, Current Mhz: 1500, Mhz Limit: 1800
Processor Information for processor 11
  Max Mhz: 2500, Current Mhz: 1800, Mhz Limit: 1800
Processor Information for processor 12
  Max Mhz: 2500, Current Mhz: 1800, Mhz Limit: 1800
Processor Information for processor 13
  Max Mhz: 2500, Current Mhz: 1500, Mhz Limit: 1800
Processor Information for processor 14
  Max Mhz: 2500, Current Mhz: 1500, Mhz Limit: 1800
Processor Information for processor 15
  Max Mhz: 2500, Current Mhz: 1800, Mhz Limit: 1800

Memory: 4k page, system-wide physical 16005M (1699M free)
TotalPageFile size 25928M (AvailPageFile size 19M)
current process WorkingSet (physical memory assigned to process): 1596M, peak: 1756M
current process commit charge ("private bytes"): 1689M, peak: 1850M

vm_info: OpenJDK 64-Bit Server VM (21.0.9+10-LTS) for windows-amd64 JRE (21.0.9+10-LTS), built on 2025-10-21T00:00:00Z by "admin" with unknown MS VC++:1942

END.
